<?xml version="1.0" encoding="UTF-8"?>
<!-- Generated by org.testng.reporters.JUnitReportReporter -->
<testsuite hostname="EPINGUGW02BC" failures="0" tests="1" name="PizzaShop.SampleTest01" time="0.012" errors="0" timestamp="2023-04-19T13:01:20 IST" skipped="0">
  <testcase classname="PizzaShop.SampleTest01" name="test001" time="0.012"/>
  <system-out/>
</testsuite> <!-- PizzaShop.SampleTest01 -->
